{"C:\\ptit\\sqa\\projtest\\mern-shoppingonline-main\\server\\models\\CategoryDAO.js": {"path":"C:\\ptit\\sqa\\projtest\\mern-shoppingonline-main\\server\\models\\CategoryDAO.js","statementMap":{"0":{"start":{"line":2,"column":15},"end":{"line":2,"column":34}},"1":{"start":{"line":4,"column":20},"end":{"line":34,"column":1}},"2":{"start":{"line":6,"column":18},"end":{"line":6,"column":20}},"3":{"start":{"line":7,"column":23},"end":{"line":7,"column":63}},"4":{"start":{"line":8,"column":4},"end":{"line":8,"column":22}},"5":{"start":{"line":11,"column":21},"end":{"line":11,"column":40}},"6":{"start":{"line":12,"column":4},"end":{"line":12,"column":49}},"7":{"start":{"line":13,"column":19},"end":{"line":13,"column":57}},"8":{"start":{"line":14,"column":4},"end":{"line":14,"column":18}},"9":{"start":{"line":17,"column":22},"end":{"line":17,"column":45}},"10":{"start":{"line":18,"column":19},"end":{"line":18,"column":98}},"11":{"start":{"line":19,"column":4},"end":{"line":19,"column":18}},"12":{"start":{"line":22,"column":19},"end":{"line":22,"column":63}},"13":{"start":{"line":23,"column":4},"end":{"line":23,"column":18}},"14":{"start":{"line":26,"column":21},"end":{"line":26,"column":63}},"15":{"start":{"line":27,"column":4},"end":{"line":27,"column":20}},"16":{"start":{"line":30,"column":17},"end":{"line":30,"column":19}},"17":{"start":{"line":31,"column":25},"end":{"line":31,"column":73}},"18":{"start":{"line":32,"column":4},"end":{"line":32,"column":24}},"19":{"start":{"line":35,"column":0},"end":{"line":35,"column":29}}},"fnMap":{"0":{"name":"(anonymous_0)","decl":{"start":{"line":5,"column":2},"end":{"line":5,"column":3}},"loc":{"start":{"line":5,"column":20},"end":{"line":9,"column":3}},"line":5},"1":{"name":"(anonymous_1)","decl":{"start":{"line":10,"column":2},"end":{"line":10,"column":3}},"loc":{"start":{"line":10,"column":25},"end":{"line":15,"column":3}},"line":10},"2":{"name":"(anonymous_2)","decl":{"start":{"line":16,"column":2},"end":{"line":16,"column":3}},"loc":{"start":{"line":16,"column":25},"end":{"line":20,"column":3}},"line":16},"3":{"name":"(anonymous_3)","decl":{"start":{"line":21,"column":2},"end":{"line":21,"column":3}},"loc":{"start":{"line":21,"column":20},"end":{"line":24,"column":3}},"line":21},"4":{"name":"(anonymous_4)","decl":{"start":{"line":25,"column":2},"end":{"line":25,"column":3}},"loc":{"start":{"line":25,"column":24},"end":{"line":28,"column":3}},"line":25},"5":{"name":"(anonymous_5)","decl":{"start":{"line":29,"column":2},"end":{"line":29,"column":3}},"loc":{"start":{"line":29,"column":23},"end":{"line":33,"column":3}},"line":29}},"branchMap":{},"s":{"0":5,"1":5,"2":1,"3":1,"4":1,"5":4,"6":4,"7":4,"8":4,"9":3,"10":3,"11":2,"12":3,"13":2,"14":3,"15":3,"16":3,"17":3,"18":3,"19":5},"f":{"0":1,"1":4,"2":3,"3":3,"4":3,"5":3},"b":{},"_coverageSchema":"1a1c01bbd47fc00a2c39e90264f33305004495a9","hash":"12ef002c2597ef990a7f0c2147d731c5b8c16d0b"}
,"C:\\ptit\\sqa\\projtest\\mern-shoppingonline-main\\server\\models\\CustomerDAO.js": {"path":"C:\\ptit\\sqa\\projtest\\mern-shoppingonline-main\\server\\models\\CustomerDAO.js","statementMap":{"0":{"start":{"line":2,"column":15},"end":{"line":2,"column":34}},"1":{"start":{"line":4,"column":20},"end":{"line":57,"column":1}},"2":{"start":{"line":6,"column":18},"end":{"line":6,"column":69}},"3":{"start":{"line":7,"column":21},"end":{"line":7,"column":57}},"4":{"start":{"line":8,"column":4},"end":{"line":8,"column":20}},"5":{"start":{"line":11,"column":21},"end":{"line":11,"column":40}},"6":{"start":{"line":12,"column":4},"end":{"line":12,"column":49}},"7":{"start":{"line":13,"column":19},"end":{"line":13,"column":57}},"8":{"start":{"line":14,"column":4},"end":{"line":14,"column":18}},"9":{"start":{"line":17,"column":18},"end":{"line":17,"column":44}},"10":{"start":{"line":18,"column":22},"end":{"line":18,"column":40}},"11":{"start":{"line":19,"column":19},"end":{"line":19,"column":90}},"12":{"start":{"line":20,"column":4},"end":{"line":20,"column":18}},"13":{"start":{"line":23,"column":18},"end":{"line":23,"column":60}},"14":{"start":{"line":24,"column":21},"end":{"line":24,"column":57}},"15":{"start":{"line":25,"column":4},"end":{"line":25,"column":20}},"16":{"start":{"line":28,"column":22},"end":{"line":28,"column":149}},"17":{"start":{"line":29,"column":19},"end":{"line":29,"column":98}},"18":{"start":{"line":30,"column":4},"end":{"line":30,"column":18}},"19":{"start":{"line":33,"column":18},"end":{"line":33,"column":20}},"20":{"start":{"line":34,"column":22},"end":{"line":34,"column":62}},"21":{"start":{"line":35,"column":4},"end":{"line":35,"column":21}},"22":{"start":{"line":38,"column":21},"end":{"line":38,"column":63}},"23":{"start":{"line":39,"column":4},"end":{"line":39,"column":20}},"24":{"start":{"line":42,"column":18},"end":{"line":42,"column":34}},"25":{"start":{"line":43,"column":21},"end":{"line":43,"column":57}},"26":{"start":{"line":44,"column":4},"end":{"line":44,"column":20}},"27":{"start":{"line":47,"column":18},"end":{"line":47,"column":44}},"28":{"start":{"line":48,"column":20},"end":{"line":48,"column":42}},"29":{"start":{"line":49,"column":19},"end":{"line":49,"column":88}},"30":{"start":{"line":50,"column":4},"end":{"line":50,"column":18}},"31":{"start":{"line":53,"column":17},"end":{"line":53,"column":19}},"32":{"start":{"line":54,"column":24},"end":{"line":54,"column":72}},"33":{"start":{"line":55,"column":4},"end":{"line":55,"column":23}},"34":{"start":{"line":58,"column":0},"end":{"line":58,"column":29}}},"fnMap":{"0":{"name":"(anonymous_0)","decl":{"start":{"line":5,"column":2},"end":{"line":5,"column":3}},"loc":{"start":{"line":5,"column":49},"end":{"line":9,"column":3}},"line":5},"1":{"name":"(anonymous_1)","decl":{"start":{"line":10,"column":2},"end":{"line":10,"column":3}},"loc":{"start":{"line":10,"column":25},"end":{"line":15,"column":3}},"line":10},"2":{"name":"(anonymous_2)","decl":{"start":{"line":16,"column":2},"end":{"line":16,"column":3}},"loc":{"start":{"line":16,"column":35},"end":{"line":21,"column":3}},"line":16},"3":{"name":"(anonymous_3)","decl":{"start":{"line":22,"column":2},"end":{"line":22,"column":3}},"loc":{"start":{"line":22,"column":56},"end":{"line":26,"column":3}},"line":22},"4":{"name":"(anonymous_4)","decl":{"start":{"line":27,"column":2},"end":{"line":27,"column":3}},"loc":{"start":{"line":27,"column":25},"end":{"line":31,"column":3}},"line":27},"5":{"name":"(anonymous_5)","decl":{"start":{"line":32,"column":2},"end":{"line":32,"column":3}},"loc":{"start":{"line":32,"column":20},"end":{"line":36,"column":3}},"line":32},"6":{"name":"(anonymous_6)","decl":{"start":{"line":37,"column":2},"end":{"line":37,"column":3}},"loc":{"start":{"line":37,"column":24},"end":{"line":40,"column":3}},"line":37},"7":{"name":"(anonymous_7)","decl":{"start":{"line":41,"column":2},"end":{"line":41,"column":3}},"loc":{"start":{"line":41,"column":29},"end":{"line":45,"column":3}},"line":41},"8":{"name":"(anonymous_8)","decl":{"start":{"line":46,"column":2},"end":{"line":46,"column":3}},"loc":{"start":{"line":46,"column":38},"end":{"line":51,"column":3}},"line":46},"9":{"name":"(anonymous_9)","decl":{"start":{"line":52,"column":2},"end":{"line":52,"column":3}},"loc":{"start":{"line":52,"column":23},"end":{"line":56,"column":3}},"line":52}},"branchMap":{},"s":{"0":6,"1":6,"2":3,"3":3,"4":3,"5":16,"6":16,"7":16,"8":16,"9":2,"10":2,"11":2,"12":2,"13":3,"14":3,"15":3,"16":0,"17":0,"18":0,"19":2,"20":2,"21":2,"22":0,"23":0,"24":0,"25":0,"26":0,"27":3,"28":3,"29":3,"30":3,"31":2,"32":2,"33":2,"34":6},"f":{"0":3,"1":16,"2":2,"3":3,"4":0,"5":2,"6":0,"7":0,"8":3,"9":2},"b":{},"_coverageSchema":"1a1c01bbd47fc00a2c39e90264f33305004495a9","hash":"81995c0ac913bc28e2d57ce5ca74cdac3a743722"}
,"C:\\ptit\\sqa\\projtest\\mern-shoppingonline-main\\server\\models\\Models.js": {"path":"C:\\ptit\\sqa\\projtest\\mern-shoppingonline-main\\server\\models\\Models.js","statementMap":{"0":{"start":{"line":2,"column":17},"end":{"line":2,"column":36}},"1":{"start":{"line":4,"column":20},"end":{"line":8,"column":25}},"2":{"start":{"line":9,"column":23},"end":{"line":12,"column":25}},"3":{"start":{"line":13,"column":23},"end":{"line":22,"column":25}},"4":{"start":{"line":23,"column":22},"end":{"line":30,"column":25}},"5":{"start":{"line":31,"column":19},"end":{"line":34,"column":37}},"6":{"start":{"line":35,"column":20},"end":{"line":42,"column":25}},"7":{"start":{"line":44,"column":14},"end":{"line":44,"column":50}},"8":{"start":{"line":45,"column":17},"end":{"line":45,"column":59}},"9":{"start":{"line":46,"column":17},"end":{"line":46,"column":59}},"10":{"start":{"line":47,"column":16},"end":{"line":47,"column":56}},"11":{"start":{"line":48,"column":14},"end":{"line":48,"column":50}},"12":{"start":{"line":49,"column":0},"end":{"line":49,"column":63}}},"fnMap":{},"branchMap":{},"s":{"0":13,"1":13,"2":13,"3":13,"4":13,"5":13,"6":13,"7":13,"8":13,"9":13,"10":13,"11":13,"12":13},"f":{},"b":{},"_coverageSchema":"1a1c01bbd47fc00a2c39e90264f33305004495a9","hash":"6446c7b622c14736f69e11a90821bd7d9824efe8"}
,"C:\\ptit\\sqa\\projtest\\mern-shoppingonline-main\\server\\models\\OrderDAO.js": {"path":"C:\\ptit\\sqa\\projtest\\mern-shoppingonline-main\\server\\models\\OrderDAO.js","statementMap":{"0":{"start":{"line":2,"column":15},"end":{"line":2,"column":34}},"1":{"start":{"line":4,"column":17},"end":{"line":45,"column":1}},"2":{"start":{"line":6,"column":21},"end":{"line":6,"column":40}},"3":{"start":{"line":7,"column":4},"end":{"line":7,"column":46}},"4":{"start":{"line":8,"column":19},"end":{"line":8,"column":51}},"5":{"start":{"line":9,"column":4},"end":{"line":9,"column":18}},"6":{"start":{"line":12,"column":18},"end":{"line":12,"column":42}},"7":{"start":{"line":13,"column":19},"end":{"line":13,"column":56}},"8":{"start":{"line":14,"column":4},"end":{"line":14,"column":18}},"9":{"start":{"line":17,"column":18},"end":{"line":17,"column":20}},"10":{"start":{"line":18,"column":19},"end":{"line":18,"column":32}},"11":{"start":{"line":19,"column":19},"end":{"line":19,"column":69}},"12":{"start":{"line":20,"column":4},"end":{"line":20,"column":18}},"13":{"start":{"line":23,"column":22},"end":{"line":23,"column":43}},"14":{"start":{"line":24,"column":19},"end":{"line":24,"column":86}},"15":{"start":{"line":25,"column":4},"end":{"line":25,"column":18}},"16":{"start":{"line":28,"column":17},"end":{"line":28,"column":19}},"17":{"start":{"line":29,"column":21},"end":{"line":29,"column":66}},"18":{"start":{"line":30,"column":4},"end":{"line":30,"column":20}},"19":{"start":{"line":33,"column":17},"end":{"line":33,"column":35}},"20":{"start":{"line":34,"column":21},"end":{"line":34,"column":66}},"21":{"start":{"line":35,"column":4},"end":{"line":35,"column":20}},"22":{"start":{"line":38,"column":19},"end":{"line":41,"column":13}},"23":{"start":{"line":43,"column":4},"end":{"line":43,"column":58}},"24":{"start":{"line":46,"column":0},"end":{"line":46,"column":26}}},"fnMap":{"0":{"name":"(anonymous_0)","decl":{"start":{"line":5,"column":2},"end":{"line":5,"column":3}},"loc":{"start":{"line":5,"column":22},"end":{"line":10,"column":3}},"line":5},"1":{"name":"(anonymous_1)","decl":{"start":{"line":11,"column":2},"end":{"line":11,"column":3}},"loc":{"start":{"line":11,"column":29},"end":{"line":15,"column":3}},"line":11},"2":{"name":"(anonymous_2)","decl":{"start":{"line":16,"column":2},"end":{"line":16,"column":3}},"loc":{"start":{"line":16,"column":20},"end":{"line":21,"column":3}},"line":16},"3":{"name":"(anonymous_3)","decl":{"start":{"line":22,"column":2},"end":{"line":22,"column":3}},"loc":{"start":{"line":22,"column":31},"end":{"line":26,"column":3}},"line":22},"4":{"name":"(anonymous_4)","decl":{"start":{"line":27,"column":2},"end":{"line":27,"column":3}},"loc":{"start":{"line":27,"column":23},"end":{"line":31,"column":3}},"line":27},"5":{"name":"(anonymous_5)","decl":{"start":{"line":32,"column":2},"end":{"line":32,"column":3}},"loc":{"start":{"line":32,"column":35},"end":{"line":36,"column":3}},"line":32},"6":{"name":"(anonymous_6)","decl":{"start":{"line":37,"column":2},"end":{"line":37,"column":3}},"loc":{"start":{"line":37,"column":27},"end":{"line":44,"column":3}},"line":37}},"branchMap":{"0":{"loc":{"start":{"line":43,"column":11},"end":{"line":43,"column":57}},"type":"cond-expr","locations":[{"start":{"line":43,"column":31},"end":{"line":43,"column":53}},{"start":{"line":43,"column":56},"end":{"line":43,"column":57}}],"line":43}},"s":{"0":4,"1":4,"2":1,"3":1,"4":1,"5":1,"6":2,"7":2,"8":2,"9":2,"10":2,"11":2,"12":2,"13":3,"14":3,"15":3,"16":2,"17":2,"18":2,"19":6,"20":6,"21":6,"22":2,"23":2,"24":4},"f":{"0":1,"1":2,"2":2,"3":3,"4":2,"5":6,"6":2},"b":{"0":[1,1]},"_coverageSchema":"1a1c01bbd47fc00a2c39e90264f33305004495a9","hash":"78cedca660551a724b5ec3dd1b8e2fb980263eb6"}
,"C:\\ptit\\sqa\\projtest\\mern-shoppingonline-main\\server\\models\\ProductDAO.js": {"path":"C:\\ptit\\sqa\\projtest\\mern-shoppingonline-main\\server\\models\\ProductDAO.js","statementMap":{"0":{"start":{"line":2,"column":15},"end":{"line":2,"column":34}},"1":{"start":{"line":4,"column":19},"end":{"line":70,"column":1}},"2":{"start":{"line":6,"column":18},"end":{"line":6,"column":20}},"3":{"start":{"line":7,"column":23},"end":{"line":7,"column":70}},"4":{"start":{"line":8,"column":4},"end":{"line":8,"column":22}},"5":{"start":{"line":11,"column":18},"end":{"line":11,"column":20}},"6":{"start":{"line":12,"column":21},"end":{"line":12,"column":84}},"7":{"start":{"line":13,"column":4},"end":{"line":13,"column":20}},"8":{"start":{"line":16,"column":21},"end":{"line":16,"column":40}},"9":{"start":{"line":17,"column":4},"end":{"line":17,"column":48}},"10":{"start":{"line":18,"column":19},"end":{"line":18,"column":55}},"11":{"start":{"line":19,"column":4},"end":{"line":19,"column":18}},"12":{"start":{"line":22,"column":22},"end":{"line":22,"column":116}},"13":{"start":{"line":23,"column":19},"end":{"line":23,"column":96}},"14":{"start":{"line":24,"column":4},"end":{"line":24,"column":18}},"15":{"start":{"line":27,"column":19},"end":{"line":27,"column":62}},"16":{"start":{"line":28,"column":4},"end":{"line":28,"column":18}},"17":{"start":{"line":31,"column":20},"end":{"line":31,"column":61}},"18":{"start":{"line":32,"column":4},"end":{"line":32,"column":19}},"19":{"start":{"line":35,"column":18},"end":{"line":35,"column":20}},"20":{"start":{"line":36,"column":19},"end":{"line":36,"column":32}},"21":{"start":{"line":37,"column":21},"end":{"line":37,"column":84}},"22":{"start":{"line":38,"column":4},"end":{"line":38,"column":20}},"23":{"start":{"line":41,"column":18},"end":{"line":47,"column":13}},"24":{"start":{"line":48,"column":19},"end":{"line":48,"column":21}},"25":{"start":{"line":49,"column":4},"end":{"line":52,"column":5}},"26":{"start":{"line":50,"column":22},"end":{"line":50,"column":59}},"27":{"start":{"line":51,"column":6},"end":{"line":51,"column":29}},"28":{"start":{"line":53,"column":4},"end":{"line":53,"column":20}},"29":{"start":{"line":56,"column":18},"end":{"line":56,"column":42}},"30":{"start":{"line":57,"column":21},"end":{"line":57,"column":60}},"31":{"start":{"line":58,"column":4},"end":{"line":58,"column":20}},"32":{"start":{"line":61,"column":18},"end":{"line":61,"column":64}},"33":{"start":{"line":62,"column":21},"end":{"line":62,"column":60}},"34":{"start":{"line":63,"column":4},"end":{"line":63,"column":20}},"35":{"start":{"line":66,"column":17},"end":{"line":66,"column":19}},"36":{"start":{"line":67,"column":23},"end":{"line":67,"column":70}},"37":{"start":{"line":68,"column":4},"end":{"line":68,"column":22}},"38":{"start":{"line":71,"column":0},"end":{"line":71,"column":28}}},"fnMap":{"0":{"name":"(anonymous_0)","decl":{"start":{"line":5,"column":2},"end":{"line":5,"column":3}},"loc":{"start":{"line":5,"column":24},"end":{"line":9,"column":3}},"line":5},"1":{"name":"(anonymous_1)","decl":{"start":{"line":10,"column":2},"end":{"line":10,"column":3}},"loc":{"start":{"line":10,"column":39},"end":{"line":14,"column":3}},"line":10},"2":{"name":"(anonymous_2)","decl":{"start":{"line":15,"column":2},"end":{"line":15,"column":3}},"loc":{"start":{"line":15,"column":24},"end":{"line":20,"column":3}},"line":15},"3":{"name":"(anonymous_3)","decl":{"start":{"line":21,"column":2},"end":{"line":21,"column":3}},"loc":{"start":{"line":21,"column":24},"end":{"line":25,"column":3}},"line":21},"4":{"name":"(anonymous_4)","decl":{"start":{"line":26,"column":2},"end":{"line":26,"column":3}},"loc":{"start":{"line":26,"column":20},"end":{"line":29,"column":3}},"line":26},"5":{"name":"(anonymous_5)","decl":{"start":{"line":30,"column":2},"end":{"line":30,"column":3}},"loc":{"start":{"line":30,"column":24},"end":{"line":33,"column":3}},"line":30},"6":{"name":"(anonymous_6)","decl":{"start":{"line":34,"column":2},"end":{"line":34,"column":3}},"loc":{"start":{"line":34,"column":26},"end":{"line":39,"column":3}},"line":34},"7":{"name":"(anonymous_7)","decl":{"start":{"line":40,"column":2},"end":{"line":40,"column":3}},"loc":{"start":{"line":40,"column":26},"end":{"line":54,"column":3}},"line":40},"8":{"name":"(anonymous_8)","decl":{"start":{"line":55,"column":2},"end":{"line":55,"column":3}},"loc":{"start":{"line":55,"column":28},"end":{"line":59,"column":3}},"line":55},"9":{"name":"(anonymous_9)","decl":{"start":{"line":60,"column":2},"end":{"line":60,"column":3}},"loc":{"start":{"line":60,"column":33},"end":{"line":64,"column":3}},"line":60},"10":{"name":"(anonymous_10)","decl":{"start":{"line":65,"column":2},"end":{"line":65,"column":3}},"loc":{"start":{"line":65,"column":23},"end":{"line":69,"column":3}},"line":65}},"branchMap":{},"s":{"0":4,"1":4,"2":0,"3":0,"4":0,"5":0,"6":0,"7":0,"8":4,"9":4,"10":4,"11":4,"12":3,"13":3,"14":2,"15":0,"16":0,"17":1,"18":1,"19":0,"20":0,"21":0,"22":0,"23":0,"24":0,"25":0,"26":0,"27":0,"28":0,"29":0,"30":0,"31":0,"32":0,"33":0,"34":0,"35":2,"36":2,"37":2,"38":4},"f":{"0":0,"1":0,"2":4,"3":3,"4":0,"5":1,"6":0,"7":0,"8":0,"9":0,"10":2},"b":{},"_coverageSchema":"1a1c01bbd47fc00a2c39e90264f33305004495a9","hash":"2f610427308966e0f3491aa04785153924250248"}
}
