TN:
SF:models\CategoryDAO.js
FN:5,(anonymous_0)
FN:10,(anonymous_1)
FN:16,(anonymous_2)
FN:21,(anonymous_3)
FN:25,(anonymous_4)
FN:29,(anonymous_5)
FNF:6
FNH:6
FNDA:1,(anonymous_0)
FNDA:4,(anonymous_1)
FNDA:3,(anonymous_2)
FNDA:3,(anonymous_3)
FNDA:3,(anonymous_4)
FNDA:3,(anonymous_5)
DA:2,5
DA:4,5
DA:6,1
DA:7,1
DA:8,1
DA:11,4
DA:12,4
DA:13,4
DA:14,4
DA:17,3
DA:18,3
DA:19,2
DA:22,3
DA:23,2
DA:26,3
DA:27,3
DA:30,3
DA:31,3
DA:32,3
DA:35,5
LF:20
LH:20
BRF:0
BRH:0
end_of_record
TN:
SF:models\CustomerDAO.js
FN:5,(anonymous_0)
FN:10,(anonymous_1)
FN:16,(anonymous_2)
FN:22,(anonymous_3)
FN:27,(anonymous_4)
FN:32,(anonymous_5)
FN:37,(anonymous_6)
FN:41,(anonymous_7)
FN:46,(anonymous_8)
FN:52,(anonymous_9)
FNF:10
FNH:7
FNDA:3,(anonymous_0)
FNDA:16,(anonymous_1)
FNDA:2,(anonymous_2)
FNDA:3,(anonymous_3)
FNDA:0,(anonymous_4)
FNDA:2,(anonymous_5)
FNDA:0,(anonymous_6)
FNDA:0,(anonymous_7)
FNDA:3,(anonymous_8)
FNDA:2,(anonymous_9)
DA:2,6
DA:4,6
DA:6,3
DA:7,3
DA:8,3
DA:11,16
DA:12,16
DA:13,16
DA:14,16
DA:17,2
DA:18,2
DA:19,2
DA:20,2
DA:23,3
DA:24,3
DA:25,3
DA:28,0
DA:29,0
DA:30,0
DA:33,2
DA:34,2
DA:35,2
DA:38,0
DA:39,0
DA:42,0
DA:43,0
DA:44,0
DA:47,3
DA:48,3
DA:49,3
DA:50,3
DA:53,2
DA:54,2
DA:55,2
DA:58,6
LF:35
LH:27
BRF:0
BRH:0
end_of_record
TN:
SF:models\Models.js
FNF:0
FNH:0
DA:2,13
DA:4,13
DA:9,13
DA:13,13
DA:23,13
DA:31,13
DA:35,13
DA:44,13
DA:45,13
DA:46,13
DA:47,13
DA:48,13
DA:49,13
LF:13
LH:13
BRF:0
BRH:0
end_of_record
TN:
SF:models\OrderDAO.js
FN:5,(anonymous_0)
FN:11,(anonymous_1)
FN:16,(anonymous_2)
FN:22,(anonymous_3)
FN:27,(anonymous_4)
FN:32,(anonymous_5)
FN:37,(anonymous_6)
FNF:7
FNH:7
FNDA:1,(anonymous_0)
FNDA:2,(anonymous_1)
FNDA:2,(anonymous_2)
FNDA:3,(anonymous_3)
FNDA:2,(anonymous_4)
FNDA:6,(anonymous_5)
FNDA:2,(anonymous_6)
DA:2,4
DA:4,4
DA:6,1
DA:7,1
DA:8,1
DA:9,1
DA:12,2
DA:13,2
DA:14,2
DA:17,2
DA:18,2
DA:19,2
DA:20,2
DA:23,3
DA:24,3
DA:25,3
DA:28,2
DA:29,2
DA:30,2
DA:33,6
DA:34,6
DA:35,6
DA:38,2
DA:43,2
DA:46,4
LF:25
LH:25
BRDA:43,0,0,1
BRDA:43,0,1,1
BRF:2
BRH:2
end_of_record
TN:
SF:models\ProductDAO.js
FN:5,(anonymous_0)
FN:10,(anonymous_1)
FN:15,(anonymous_2)
FN:21,(anonymous_3)
FN:26,(anonymous_4)
FN:30,(anonymous_5)
FN:34,(anonymous_6)
FN:40,(anonymous_7)
FN:55,(anonymous_8)
FN:60,(anonymous_9)
FN:65,(anonymous_10)
FNF:11
FNH:4
FNDA:0,(anonymous_0)
FNDA:0,(anonymous_1)
FNDA:4,(anonymous_2)
FNDA:3,(anonymous_3)
FNDA:0,(anonymous_4)
FNDA:1,(anonymous_5)
FNDA:0,(anonymous_6)
FNDA:0,(anonymous_7)
FNDA:0,(anonymous_8)
FNDA:0,(anonymous_9)
FNDA:2,(anonymous_10)
DA:2,4
DA:4,4
DA:6,0
DA:7,0
DA:8,0
DA:11,0
DA:12,0
DA:13,0
DA:16,4
DA:17,4
DA:18,4
DA:19,4
DA:22,3
DA:23,3
DA:24,2
DA:27,0
DA:28,0
DA:31,1
DA:32,1
DA:35,0
DA:36,0
DA:37,0
DA:38,0
DA:41,0
DA:48,0
DA:49,0
DA:50,0
DA:51,0
DA:53,0
DA:56,0
DA:57,0
DA:58,0
DA:61,0
DA:62,0
DA:63,0
DA:66,2
DA:67,2
DA:68,2
DA:71,4
LF:39
LH:15
BRF:0
BRH:0
end_of_record
